<?xml version="1.0" encoding="UTF-8"?>
<!-- Generated by org.testng.reporters.JUnitXMLReporter -->
<testsuite ignored="0" hostname="Air.local" failures="0" tests="3" name="Default test" time="49.727" errors="0" timestamp="2023-02-15T16:42:44 IST">
  <testcase classname="rahulshettyacademy.test.SubmitOrder" name="submitOrder" time="7.724"/>
  <testcase classname="rahulshettyacademy.test.SubmitOrder" name="submitOrder" time="18.223"/>
  <testcase classname="rahulshettyacademy.test.SubmitOrder" name="submitOrder" time="18.235"/>
</testsuite> <!-- Default test -->
