<?xml version="1.0" encoding="UTF-8"?>
<!-- Generated by org.testng.reporters.JUnitXMLReporter -->
<testsuite ignored="0" hostname="Air.local" failures="0" tests="3" name="Test" time="47.482" errors="0" timestamp="2023-02-21T15:09:16 IST">
  <testcase classname="rahulshettyacademy.test.SubmitOrder" name="submitOrder" time="18.572"/>
  <testcase classname="rahulshettyacademy.test.SubmitOrder" name="submitOrder" time="18.431"/>
  <testcase classname="rahulshettyacademy.test.ErrorValidationTest" name="errorValidation" time="0.862"/>
</testsuite> <!-- Test -->
