<?xml version="1.0" encoding="UTF-8"?>
<!-- Generated by org.testng.reporters.JUnitXMLReporter -->
<testsuite ignored="0" hostname="Air.local" failures="0" tests="3" name="Test" time="77.754" errors="0" timestamp="2023-02-21T16:33:03 IST">
  <testcase classname="rahulshettyacademy.test.SubmitOrder" name="submitOrder" time="18.57"/>
  <testcase classname="rahulshettyacademy.test.SubmitOrder" name="submitOrder" time="18.424"/>
  <testcase classname="rahulshettyacademy.test.ErrorValidationTest" name="errorValidation" time="0.834"/>
</testsuite> <!-- Test -->
