<?xml version="1.0" encoding="UTF-8"?>
<testng-results ignored="0" total="3" passed="3" failed="0" skipped="0">
  <reporter-output>
  </reporter-output>
  <suite started-at="2023-02-21T15:08:24 IST" name="Suite" finished-at="2023-02-21T15:09:11 IST" duration-ms="47482">
    <groups>
      <group name="purchase">
        <method signature="SubmitOrder.submitOrder(java.util.HashMap)[pri:0, instance:rahulshettyacademy.test.SubmitOrder@18df8434]" name="submitOrder" class="rahulshettyacademy.test.SubmitOrder"/>
      </group> <!-- purchase -->
    </groups>
    <test started-at="2023-02-21T15:08:24 IST" name="Test" finished-at="2023-02-21T15:09:11 IST" duration-ms="47482">
      <class name="rahulshettyacademy.test.ErrorValidationTest">
        <test-method is-config="true" signature="launchApplication()[pri:0, instance:rahulshettyacademy.test.ErrorValidationTest@65c7a252]" started-at="2023-02-21T15:09:07 IST" name="launchApplication" finished-at="2023-02-21T15:09:10 IST" duration-ms="2799" status="PASS">
          <reporter-output>
          </reporter-output>
        </test-method> <!-- launchApplication -->
        <test-method signature="errorValidation()[pri:0, instance:rahulshettyacademy.test.ErrorValidationTest@65c7a252]" started-at="2023-02-21T15:09:10 IST" name="errorValidation" finished-at="2023-02-21T15:09:11 IST" duration-ms="862" status="PASS">
          <reporter-output>
          </reporter-output>
        </test-method> <!-- errorValidation -->
        <test-method is-config="true" signature="tearDown()[pri:0, instance:rahulshettyacademy.test.ErrorValidationTest@65c7a252]" started-at="2023-02-21T15:09:11 IST" name="tearDown" finished-at="2023-02-21T15:09:11 IST" duration-ms="56" status="PASS">
          <reporter-output>
          </reporter-output>
        </test-method> <!-- tearDown -->
      </class> <!-- rahulshettyacademy.test.ErrorValidationTest -->
      <class name="rahulshettyacademy.test.SubmitOrder">
        <test-method is-config="true" signature="launchApplication()[pri:0, instance:rahulshettyacademy.test.SubmitOrder@18df8434]" started-at="2023-02-21T15:08:24 IST" name="launchApplication" finished-at="2023-02-21T15:08:27 IST" duration-ms="3593" status="PASS">
          <reporter-output>
          </reporter-output>
        </test-method> <!-- launchApplication -->
        <test-method signature="submitOrder(java.util.HashMap)[pri:0, instance:rahulshettyacademy.test.SubmitOrder@18df8434]" started-at="2023-02-21T15:08:27 IST" name="submitOrder" data-provider="getData" finished-at="2023-02-21T15:08:46 IST" duration-ms="18572" status="PASS">
          <params>
            <param index="0">
              <value>
                <![CDATA[{product=ZARA COAT 3, pass=Abc123!@#, email=himanshu@rahulshettyacademy.com}]]>
              </value>
            </param>
          </params>
          <reporter-output>
          </reporter-output>
        </test-method> <!-- submitOrder -->
        <test-method is-config="true" signature="tearDown()[pri:0, instance:rahulshettyacademy.test.SubmitOrder@18df8434]" started-at="2023-02-21T15:08:46 IST" name="tearDown" finished-at="2023-02-21T15:08:46 IST" duration-ms="55" status="PASS">
          <reporter-output>
          </reporter-output>
        </test-method> <!-- tearDown -->
        <test-method is-config="true" signature="launchApplication()[pri:0, instance:rahulshettyacademy.test.SubmitOrder@18df8434]" started-at="2023-02-21T15:08:46 IST" name="launchApplication" finished-at="2023-02-21T15:08:49 IST" duration-ms="2967" status="PASS">
          <reporter-output>
          </reporter-output>
        </test-method> <!-- launchApplication -->
        <test-method signature="submitOrder(java.util.HashMap)[pri:0, instance:rahulshettyacademy.test.SubmitOrder@18df8434]" started-at="2023-02-21T15:08:49 IST" name="submitOrder" data-provider="getData" finished-at="2023-02-21T15:09:07 IST" duration-ms="18431" status="PASS">
          <params>
            <param index="0">
              <value>
                <![CDATA[{product=ADIDAS ORIGINAL, pass=Abc123!@#, email=himanshu@rahulshettyacademy.com}]]>
              </value>
            </param>
          </params>
          <reporter-output>
          </reporter-output>
        </test-method> <!-- submitOrder -->
        <test-method is-config="true" signature="tearDown()[pri:0, instance:rahulshettyacademy.test.SubmitOrder@18df8434]" started-at="2023-02-21T15:09:07 IST" name="tearDown" finished-at="2023-02-21T15:09:07 IST" duration-ms="54" status="PASS">
          <reporter-output>
          </reporter-output>
        </test-method> <!-- tearDown -->
      </class> <!-- rahulshettyacademy.test.SubmitOrder -->
    </test> <!-- Test -->
  </suite> <!-- Suite -->
</testng-results>
