<?xml version="1.0" encoding="UTF-8"?>
<testng-results ignored="0" total="3" passed="3" failed="0" skipped="0">
  <reporter-output>
  </reporter-output>
  <suite started-at="2023-02-21T16:31:40 IST" name="Suite" finished-at="2023-02-21T16:32:58 IST" duration-ms="77754">
    <groups>
      <group name="purchase">
        <method signature="SubmitOrder.submitOrder(java.util.HashMap)[pri:0, instance:rahulshettyacademy.test.SubmitOrder@d86a6f]" name="submitOrder" class="rahulshettyacademy.test.SubmitOrder"/>
      </group> <!-- purchase -->
    </groups>
    <test started-at="2023-02-21T16:31:40 IST" name="Test" finished-at="2023-02-21T16:32:58 IST" duration-ms="77754">
      <class name="rahulshettyacademy.test.ErrorValidationTest">
        <test-method is-config="true" signature="launchApplication()[pri:0, instance:rahulshettyacademy.test.ErrorValidationTest@2892d68]" started-at="2023-02-21T16:32:54 IST" name="launchApplication" finished-at="2023-02-21T16:32:57 IST" duration-ms="2582" status="PASS">
          <reporter-output>
          </reporter-output>
        </test-method> <!-- launchApplication -->
        <test-method signature="errorValidation()[pri:0, instance:rahulshettyacademy.test.ErrorValidationTest@2892d68]" started-at="2023-02-21T16:32:57 IST" name="errorValidation" finished-at="2023-02-21T16:32:58 IST" duration-ms="834" status="PASS">
          <reporter-output>
          </reporter-output>
        </test-method> <!-- errorValidation -->
        <test-method is-config="true" signature="tearDown()[pri:0, instance:rahulshettyacademy.test.ErrorValidationTest@2892d68]" started-at="2023-02-21T16:32:58 IST" name="tearDown" finished-at="2023-02-21T16:32:58 IST" duration-ms="54" status="PASS">
          <reporter-output>
          </reporter-output>
        </test-method> <!-- tearDown -->
      </class> <!-- rahulshettyacademy.test.ErrorValidationTest -->
      <class name="rahulshettyacademy.test.SubmitOrder">
        <test-method is-config="true" signature="launchApplication()[pri:0, instance:rahulshettyacademy.test.SubmitOrder@d86a6f]" started-at="2023-02-21T16:31:40 IST" name="launchApplication" finished-at="2023-02-21T16:32:15 IST" duration-ms="34577" status="PASS">
          <reporter-output>
          </reporter-output>
        </test-method> <!-- launchApplication -->
        <test-method signature="submitOrder(java.util.HashMap)[pri:0, instance:rahulshettyacademy.test.SubmitOrder@d86a6f]" started-at="2023-02-21T16:32:15 IST" name="submitOrder" data-provider="getData" finished-at="2023-02-21T16:32:33 IST" duration-ms="18570" status="PASS">
          <params>
            <param index="0">
              <value>
                <![CDATA[{product=ZARA COAT 3, pass=Abc123!@#, email=himanshu@rahulshettyacademy.com}]]>
              </value>
            </param>
          </params>
          <reporter-output>
          </reporter-output>
        </test-method> <!-- submitOrder -->
        <test-method is-config="true" signature="tearDown()[pri:0, instance:rahulshettyacademy.test.SubmitOrder@d86a6f]" started-at="2023-02-21T16:32:33 IST" name="tearDown" finished-at="2023-02-21T16:32:33 IST" duration-ms="56" status="PASS">
          <reporter-output>
          </reporter-output>
        </test-method> <!-- tearDown -->
        <test-method is-config="true" signature="launchApplication()[pri:0, instance:rahulshettyacademy.test.SubmitOrder@d86a6f]" started-at="2023-02-21T16:32:33 IST" name="launchApplication" finished-at="2023-02-21T16:32:36 IST" duration-ms="2512" status="PASS">
          <reporter-output>
          </reporter-output>
        </test-method> <!-- launchApplication -->
        <test-method signature="submitOrder(java.util.HashMap)[pri:0, instance:rahulshettyacademy.test.SubmitOrder@d86a6f]" started-at="2023-02-21T16:32:36 IST" name="submitOrder" data-provider="getData" finished-at="2023-02-21T16:32:54 IST" duration-ms="18424" status="PASS">
          <params>
            <param index="0">
              <value>
                <![CDATA[{product=ADIDAS ORIGINAL, pass=Abc123!@#, email=himanshu@rahulshettyacademy.com}]]>
              </value>
            </param>
          </params>
          <reporter-output>
          </reporter-output>
        </test-method> <!-- submitOrder -->
        <test-method is-config="true" signature="tearDown()[pri:0, instance:rahulshettyacademy.test.SubmitOrder@d86a6f]" started-at="2023-02-21T16:32:54 IST" name="tearDown" finished-at="2023-02-21T16:32:54 IST" duration-ms="55" status="PASS">
          <reporter-output>
          </reporter-output>
        </test-method> <!-- tearDown -->
      </class> <!-- rahulshettyacademy.test.SubmitOrder -->
    </test> <!-- Test -->
  </suite> <!-- Suite -->
</testng-results>
