<?xml version="1.0" encoding="UTF-8"?>
<testng-results ignored="0" total="0" passed="0" failed="0" skipped="0">
  <reporter-output>
  </reporter-output>
  <suite started-at="2023-02-17T17:52:01 IST" name="Suite" finished-at="2023-02-17T17:52:01 IST" duration-ms="0">
    <groups>
      <group name="purchase">
        <method signature="SubmitOrder.submitOrder(java.util.HashMap)[pri:0, instance:rahulshettyacademy.test.SubmitOrder@8519cb4]" name="submitOrder" class="rahulshettyacademy.test.SubmitOrder"/>
      </group> <!-- purchase -->
    </groups>
  </suite> <!-- Suite -->
</testng-results>
